<?xml version="1.0" encoding="UTF-8"?>
<testsuite name="MoneyTest" tests="1" skipped="0" failures="0" errors="0" timestamp="2021-08-06T09:13:55" hostname="LAPTOP-65S1A84J" time="0.355">
  <properties/>
  <testcase name="testMultiplication" classname="MoneyTest" time="0.355"/>
  <system-out><![CDATA[]]></system-out>
  <system-err><![CDATA[]]></system-err>
</testsuite>
